Start testing: Apr 07 18:15 WEST
----------------------------------------------------------
1/7 Testing: TP1
1/7 Test: TP1
Command: "/home/bdmendes/Documents/Faculdade/2ano-2S/CAL/feup-cal/build/TP7"
Directory: /home/bdmendes/Documents/Faculdade/2ano-2S/CAL/feup-cal/build
"TP1" start time: Apr 07 18:15 WEST
Output:
----------------------------------------------------------
Running all tests...
[==========] Running 4 tests from 2 test suites.
[----------] Global test environment set-up.
[----------] 2 tests from TP7_Ex1
[ RUN      ] TP7_Ex1.test_prim
1<-|2<-1|3<-1|4<-3|5<-4|6<-4|7<-5|
[       OK ] TP7_Ex1.test_prim (0 ms)
[ RUN      ] TP7_Ex1.test_performance_prim
Processing grid (Prim) 10 x 10 average time (milliseconds)=0
Processing grid (Prim) 20 x 20 average time (milliseconds)=0
Processing grid (Prim) 30 x 30 average time (milliseconds)=0
[       OK ] TP7_Ex1.test_performance_prim (65 ms)
[----------] 2 tests from TP7_Ex1 (65 ms total)

[----------] 2 tests from TP7_Ex2
[ RUN      ] TP7_Ex2.test_kruskal
1<-|2<-1|3<-1|4<-3|5<-4|6<-4|7<-5|
[       OK ] TP7_Ex2.test_kruskal (0 ms)
[ RUN      ] TP7_Ex2.test_performance_kruskal
Processing grid (Kruskal) 10 x 10 average time (milliseconds)=0
Processing grid (Kruskal) 20 x 20 average time (milliseconds)=0
Processing grid (Kruskal) 30 x 30 average time (milliseconds)=1
[       OK ] TP7_Ex2.test_performance_kruskal (118 ms)
[----------] 2 tests from TP7_Ex2 (118 ms total)

[----------] Global test environment tear-down
[==========] 4 tests from 2 test suites ran. (183 ms total)
[  PASSED  ] 4 tests.
<end of output>
Test time =   0.19 sec
----------------------------------------------------------
Test Passed.
"TP1" end time: Apr 07 18:15 WEST
"TP1" time elapsed: 00:00:00
----------------------------------------------------------

2/7 Testing: TP2
2/7 Test: TP2
Command: "/home/bdmendes/Documents/Faculdade/2ano-2S/CAL/feup-cal/build/TP7"
Directory: /home/bdmendes/Documents/Faculdade/2ano-2S/CAL/feup-cal/build
"TP2" start time: Apr 07 18:15 WEST
Output:
----------------------------------------------------------
Running all tests...
[==========] Running 4 tests from 2 test suites.
[----------] Global test environment set-up.
[----------] 2 tests from TP7_Ex1
[ RUN      ] TP7_Ex1.test_prim
1<-|2<-1|3<-1|4<-3|5<-4|6<-4|7<-5|
[       OK ] TP7_Ex1.test_prim (0 ms)
[ RUN      ] TP7_Ex1.test_performance_prim
Processing grid (Prim) 10 x 10 average time (milliseconds)=0
Processing grid (Prim) 20 x 20 average time (milliseconds)=0
Processing grid (Prim) 30 x 30 average time (milliseconds)=0
[       OK ] TP7_Ex1.test_performance_prim (117 ms)
[----------] 2 tests from TP7_Ex1 (117 ms total)

[----------] 2 tests from TP7_Ex2
[ RUN      ] TP7_Ex2.test_kruskal
1<-|2<-1|3<-1|4<-3|5<-4|6<-4|7<-5|
[       OK ] TP7_Ex2.test_kruskal (0 ms)
[ RUN      ] TP7_Ex2.test_performance_kruskal
Processing grid (Kruskal) 10 x 10 average time (milliseconds)=0
Processing grid (Kruskal) 20 x 20 average time (milliseconds)=0
Processing grid (Kruskal) 30 x 30 average time (milliseconds)=1
[       OK ] TP7_Ex2.test_performance_kruskal (119 ms)
[----------] 2 tests from TP7_Ex2 (119 ms total)

[----------] Global test environment tear-down
[==========] 4 tests from 2 test suites ran. (236 ms total)
[  PASSED  ] 4 tests.
<end of output>
Test time =   0.24 sec
----------------------------------------------------------
Test Passed.
"TP2" end time: Apr 07 18:15 WEST
"TP2" time elapsed: 00:00:00
----------------------------------------------------------

3/7 Testing: TP3
3/7 Test: TP3
Command: "/home/bdmendes/Documents/Faculdade/2ano-2S/CAL/feup-cal/build/TP7"
Directory: /home/bdmendes/Documents/Faculdade/2ano-2S/CAL/feup-cal/build
"TP3" start time: Apr 07 18:15 WEST
Output:
----------------------------------------------------------
Running all tests...
[==========] Running 4 tests from 2 test suites.
[----------] Global test environment set-up.
[----------] 2 tests from TP7_Ex1
[ RUN      ] TP7_Ex1.test_prim
1<-|2<-1|3<-1|4<-3|5<-4|6<-4|7<-5|
[       OK ] TP7_Ex1.test_prim (1 ms)
[ RUN      ] TP7_Ex1.test_performance_prim
Processing grid (Prim) 10 x 10 average time (milliseconds)=0
Processing grid (Prim) 20 x 20 average time (milliseconds)=0
Processing grid (Prim) 30 x 30 average time (milliseconds)=0
[       OK ] TP7_Ex1.test_performance_prim (63 ms)
[----------] 2 tests from TP7_Ex1 (64 ms total)

[----------] 2 tests from TP7_Ex2
[ RUN      ] TP7_Ex2.test_kruskal
1<-|2<-1|3<-1|4<-3|5<-4|6<-4|7<-5|
[       OK ] TP7_Ex2.test_kruskal (0 ms)
[ RUN      ] TP7_Ex2.test_performance_kruskal
Processing grid (Kruskal) 10 x 10 average time (milliseconds)=0
Processing grid (Kruskal) 20 x 20 average time (milliseconds)=0
Processing grid (Kruskal) 30 x 30 average time (milliseconds)=1
[       OK ] TP7_Ex2.test_performance_kruskal (118 ms)
[----------] 2 tests from TP7_Ex2 (118 ms total)

[----------] Global test environment tear-down
[==========] 4 tests from 2 test suites ran. (182 ms total)
[  PASSED  ] 4 tests.
<end of output>
Test time =   0.18 sec
----------------------------------------------------------
Test Passed.
"TP3" end time: Apr 07 18:15 WEST
"TP3" time elapsed: 00:00:00
----------------------------------------------------------

4/7 Testing: TP4
4/7 Test: TP4
Command: "/home/bdmendes/Documents/Faculdade/2ano-2S/CAL/feup-cal/build/TP7"
Directory: /home/bdmendes/Documents/Faculdade/2ano-2S/CAL/feup-cal/build
"TP4" start time: Apr 07 18:15 WEST
Output:
----------------------------------------------------------
Running all tests...
[==========] Running 4 tests from 2 test suites.
[----------] Global test environment set-up.
[----------] 2 tests from TP7_Ex1
[ RUN      ] TP7_Ex1.test_prim
1<-|2<-1|3<-1|4<-3|5<-4|6<-4|7<-5|
[       OK ] TP7_Ex1.test_prim (0 ms)
[ RUN      ] TP7_Ex1.test_performance_prim
Processing grid (Prim) 10 x 10 average time (milliseconds)=0
Processing grid (Prim) 20 x 20 average time (milliseconds)=0
Processing grid (Prim) 30 x 30 average time (milliseconds)=0
[       OK ] TP7_Ex1.test_performance_prim (63 ms)
[----------] 2 tests from TP7_Ex1 (63 ms total)

[----------] 2 tests from TP7_Ex2
[ RUN      ] TP7_Ex2.test_kruskal
1<-|2<-1|3<-1|4<-3|5<-4|6<-4|7<-5|
[       OK ] TP7_Ex2.test_kruskal (0 ms)
[ RUN      ] TP7_Ex2.test_performance_kruskal
Processing grid (Kruskal) 10 x 10 average time (milliseconds)=0
Processing grid (Kruskal) 20 x 20 average time (milliseconds)=0
Processing grid (Kruskal) 30 x 30 average time (milliseconds)=1
[       OK ] TP7_Ex2.test_performance_kruskal (123 ms)
[----------] 2 tests from TP7_Ex2 (123 ms total)

[----------] Global test environment tear-down
[==========] 4 tests from 2 test suites ran. (186 ms total)
[  PASSED  ] 4 tests.
<end of output>
Test time =   0.19 sec
----------------------------------------------------------
Test Passed.
"TP4" end time: Apr 07 18:15 WEST
"TP4" time elapsed: 00:00:00
----------------------------------------------------------

5/7 Testing: TP5
5/7 Test: TP5
Command: "/home/bdmendes/Documents/Faculdade/2ano-2S/CAL/feup-cal/build/TP7"
Directory: /home/bdmendes/Documents/Faculdade/2ano-2S/CAL/feup-cal/build
"TP5" start time: Apr 07 18:15 WEST
Output:
----------------------------------------------------------
Running all tests...
[==========] Running 4 tests from 2 test suites.
[----------] Global test environment set-up.
[----------] 2 tests from TP7_Ex1
[ RUN      ] TP7_Ex1.test_prim
1<-|2<-1|3<-1|4<-3|5<-4|6<-4|7<-5|
[       OK ] TP7_Ex1.test_prim (0 ms)
[ RUN      ] TP7_Ex1.test_performance_prim
Processing grid (Prim) 10 x 10 average time (milliseconds)=0
Processing grid (Prim) 20 x 20 average time (milliseconds)=0
Processing grid (Prim) 30 x 30 average time (milliseconds)=0
[       OK ] TP7_Ex1.test_performance_prim (68 ms)
[----------] 2 tests from TP7_Ex1 (68 ms total)

[----------] 2 tests from TP7_Ex2
[ RUN      ] TP7_Ex2.test_kruskal
1<-|2<-1|3<-1|4<-3|5<-4|6<-4|7<-5|
[       OK ] TP7_Ex2.test_kruskal (0 ms)
[ RUN      ] TP7_Ex2.test_performance_kruskal
Processing grid (Kruskal) 10 x 10 average time (milliseconds)=0
Processing grid (Kruskal) 20 x 20 average time (milliseconds)=0
Processing grid (Kruskal) 30 x 30 average time (milliseconds)=1
[       OK ] TP7_Ex2.test_performance_kruskal (118 ms)
[----------] 2 tests from TP7_Ex2 (118 ms total)

[----------] Global test environment tear-down
[==========] 4 tests from 2 test suites ran. (186 ms total)
[  PASSED  ] 4 tests.
<end of output>
Test time =   0.19 sec
----------------------------------------------------------
Test Passed.
"TP5" end time: Apr 07 18:15 WEST
"TP5" time elapsed: 00:00:00
----------------------------------------------------------

6/7 Testing: TP6
6/7 Test: TP6
Command: "/home/bdmendes/Documents/Faculdade/2ano-2S/CAL/feup-cal/build/TP7"
Directory: /home/bdmendes/Documents/Faculdade/2ano-2S/CAL/feup-cal/build
"TP6" start time: Apr 07 18:15 WEST
Output:
----------------------------------------------------------
Running all tests...
[==========] Running 4 tests from 2 test suites.
[----------] Global test environment set-up.
[----------] 2 tests from TP7_Ex1
[ RUN      ] TP7_Ex1.test_prim
1<-|2<-1|3<-1|4<-3|5<-4|6<-4|7<-5|
[       OK ] TP7_Ex1.test_prim (0 ms)
[ RUN      ] TP7_Ex1.test_performance_prim
Processing grid (Prim) 10 x 10 average time (milliseconds)=0
Processing grid (Prim) 20 x 20 average time (milliseconds)=0
Processing grid (Prim) 30 x 30 average time (milliseconds)=0
[       OK ] TP7_Ex1.test_performance_prim (62 ms)
[----------] 2 tests from TP7_Ex1 (62 ms total)

[----------] 2 tests from TP7_Ex2
[ RUN      ] TP7_Ex2.test_kruskal
1<-|2<-1|3<-1|4<-3|5<-4|6<-4|7<-5|
[       OK ] TP7_Ex2.test_kruskal (0 ms)
[ RUN      ] TP7_Ex2.test_performance_kruskal
Processing grid (Kruskal) 10 x 10 average time (milliseconds)=0
Processing grid (Kruskal) 20 x 20 average time (milliseconds)=0
Processing grid (Kruskal) 30 x 30 average time (milliseconds)=1
[       OK ] TP7_Ex2.test_performance_kruskal (118 ms)
[----------] 2 tests from TP7_Ex2 (118 ms total)

[----------] Global test environment tear-down
[==========] 4 tests from 2 test suites ran. (180 ms total)
[  PASSED  ] 4 tests.
<end of output>
Test time =   0.18 sec
----------------------------------------------------------
Test Passed.
"TP6" end time: Apr 07 18:15 WEST
"TP6" time elapsed: 00:00:00
----------------------------------------------------------

7/7 Testing: TP7
7/7 Test: TP7
Command: "/home/bdmendes/Documents/Faculdade/2ano-2S/CAL/feup-cal/build/TP7"
Directory: /home/bdmendes/Documents/Faculdade/2ano-2S/CAL/feup-cal/build
"TP7" start time: Apr 07 18:15 WEST
Output:
----------------------------------------------------------
Running all tests...
[==========] Running 4 tests from 2 test suites.
[----------] Global test environment set-up.
[----------] 2 tests from TP7_Ex1
[ RUN      ] TP7_Ex1.test_prim
1<-|2<-1|3<-1|4<-3|5<-4|6<-4|7<-5|
[       OK ] TP7_Ex1.test_prim (0 ms)
[ RUN      ] TP7_Ex1.test_performance_prim
Processing grid (Prim) 10 x 10 average time (milliseconds)=0
Processing grid (Prim) 20 x 20 average time (milliseconds)=0
Processing grid (Prim) 30 x 30 average time (milliseconds)=0
[       OK ] TP7_Ex1.test_performance_prim (64 ms)
[----------] 2 tests from TP7_Ex1 (64 ms total)

[----------] 2 tests from TP7_Ex2
[ RUN      ] TP7_Ex2.test_kruskal
1<-|2<-1|3<-1|4<-3|5<-4|6<-4|7<-5|
[       OK ] TP7_Ex2.test_kruskal (0 ms)
[ RUN      ] TP7_Ex2.test_performance_kruskal
Processing grid (Kruskal) 10 x 10 average time (milliseconds)=0
Processing grid (Kruskal) 20 x 20 average time (milliseconds)=0
Processing grid (Kruskal) 30 x 30 average time (milliseconds)=1
[       OK ] TP7_Ex2.test_performance_kruskal (119 ms)
[----------] 2 tests from TP7_Ex2 (119 ms total)

[----------] Global test environment tear-down
[==========] 4 tests from 2 test suites ran. (183 ms total)
[  PASSED  ] 4 tests.
<end of output>
Test time =   0.19 sec
----------------------------------------------------------
Test Passed.
"TP7" end time: Apr 07 18:15 WEST
"TP7" time elapsed: 00:00:00
----------------------------------------------------------

End testing: Apr 07 18:15 WEST
